<?xml version="1.0" encoding="UTF-8"?>
<!-- Generated by org.testng.reporters.JUnitReportReporter -->
<testsuite hostname="Sayeems-MacBook-Air.local" failures="0" tests="2" name="com.carrerhack.runners.TestRunner" time="21.653" errors="0" timestamp="04 Nov 2021 00:15:26 GMT" skipped="0">
  <testcase classname="com.carrerhack.runners.TestRunner" name="runScenario" time="10.617"/>
  <testcase classname="com.carrerhack.runners.TestRunner" name="runScenario" time="11.036"/>
</testsuite> <!-- com.carrerhack.runners.TestRunner -->
